D:\WORKSPACE\ANATOMYSHOWV3\ANATOMYSHOWV3\DEBUG\ANATOMYDEFINE.OBJ
D:\WORKSPACE\ANATOMYSHOWV3\ANATOMYSHOWV3\DEBUG\ANATOMYSHOW.OBJ
D:\WORKSPACE\ANATOMYSHOWV3\ANATOMYSHOWV3\DEBUG\ANATOMYSHOWV3.EXE.INTERMEDIATE.MANIFEST
D:\workspace\AnatomyShowV3\AnatomyShowV3\Debug\cl.command.1.tlog
D:\workspace\AnatomyShowV3\AnatomyShowV3\Debug\CL.read.1.tlog
D:\workspace\AnatomyShowV3\AnatomyShowV3\Debug\CL.write.1.tlog
D:\workspace\AnatomyShowV3\AnatomyShowV3\Debug\custombuild.command.1.tlog
D:\workspace\AnatomyShowV3\AnatomyShowV3\Debug\custombuild.read.1.tlog
D:\workspace\AnatomyShowV3\AnatomyShowV3\Debug\custombuild.write.1.tlog
D:\WORKSPACE\ANATOMYSHOWV3\ANATOMYSHOWV3\DEBUG\HELPVIZARD.OBJ
D:\WORKSPACE\ANATOMYSHOWV3\ANATOMYSHOWV3\DEBUG\IMAGEPROCESSTHREAD.OBJ
D:\WORKSPACE\ANATOMYSHOWV3\ANATOMYSHOWV3\DEBUG\IMAGESEGMENTATION.OBJ
D:\workspace\AnatomyShowV3\AnatomyShowV3\Debug\link.command.1.tlog
D:\workspace\AnatomyShowV3\AnatomyShowV3\Debug\link.read.1.tlog
D:\workspace\AnatomyShowV3\AnatomyShowV3\Debug\link.write.1.tlog
D:\WORKSPACE\ANATOMYSHOWV3\ANATOMYSHOWV3\DEBUG\MAIN.OBJ
D:\WORKSPACE\ANATOMYSHOWV3\ANATOMYSHOWV3\DEBUG\MESHPROCESS.OBJ
D:\WORKSPACE\ANATOMYSHOWV3\ANATOMYSHOWV3\DEBUG\MOC_ANATOMYDEFINE.OBJ
D:\WORKSPACE\ANATOMYSHOWV3\ANATOMYSHOWV3\DEBUG\MOC_ANATOMYSHOW.OBJ
D:\WORKSPACE\ANATOMYSHOWV3\ANATOMYSHOWV3\DEBUG\MOC_HELPVIZARD.OBJ
D:\WORKSPACE\ANATOMYSHOWV3\ANATOMYSHOWV3\DEBUG\MOC_IMAGEPROCESSTHREAD.OBJ
D:\WORKSPACE\ANATOMYSHOWV3\ANATOMYSHOWV3\DEBUG\MOC_IMAGESEGMENTATION.OBJ
D:\WORKSPACE\ANATOMYSHOWV3\ANATOMYSHOWV3\DEBUG\MOC_MESHPROCESS.OBJ
D:\workspace\AnatomyShowV3\AnatomyShowV3\Debug\mt.command.1.tlog
D:\workspace\AnatomyShowV3\AnatomyShowV3\Debug\mt.read.1.tlog
D:\workspace\AnatomyShowV3\AnatomyShowV3\Debug\mt.write.1.tlog
D:\WORKSPACE\ANATOMYSHOWV3\ANATOMYSHOWV3\DEBUG\QRC_ANATOMYSHOW.OBJ
D:\WORKSPACE\ANATOMYSHOWV3\ANATOMYSHOWV3\DEBUG\VC100.PDB
D:\WORKSPACE\ANATOMYSHOWV3\ANATOMYSHOWV3\GENERATEDFILES\DEBUG\MOC_ANATOMYDEFINE.CPP
D:\WORKSPACE\ANATOMYSHOWV3\ANATOMYSHOWV3\GENERATEDFILES\DEBUG\MOC_ANATOMYSHOW.CPP
D:\WORKSPACE\ANATOMYSHOWV3\ANATOMYSHOWV3\GENERATEDFILES\DEBUG\MOC_HELPVIZARD.CPP
D:\WORKSPACE\ANATOMYSHOWV3\ANATOMYSHOWV3\GENERATEDFILES\DEBUG\MOC_IMAGEPROCESSTHREAD.CPP
D:\WORKSPACE\ANATOMYSHOWV3\ANATOMYSHOWV3\GENERATEDFILES\DEBUG\MOC_IMAGESEGMENTATION.CPP
D:\WORKSPACE\ANATOMYSHOWV3\ANATOMYSHOWV3\GENERATEDFILES\DEBUG\MOC_MESHPROCESS.CPP
D:\WORKSPACE\ANATOMYSHOWV3\ANATOMYSHOWV3\GENERATEDFILES\QRC_ANATOMYSHOW.CPP
D:\WORKSPACE\ANATOMYSHOWV3\ANATOMYSHOWV3\GENERATEDFILES\UI_ANATOMYDEFINE.H
D:\WORKSPACE\ANATOMYSHOWV3\ANATOMYSHOWV3\GENERATEDFILES\UI_ANATOMYSHOW.H
D:\WORKSPACE\ANATOMYSHOWV3\ANATOMYSHOWV3\GENERATEDFILES\UI_HELPVIZARD.H
D:\WORKSPACE\ANATOMYSHOWV3\ANATOMYSHOWV3\GENERATEDFILES\UI_IMAGESEGMENTATION.H
D:\WORKSPACE\ANATOMYSHOWV3\ANATOMYSHOWV3\GENERATEDFILES\UI_MESHPROCESS.H
D:\WORKSPACE\ANATOMYSHOWV3\WIN32\DEBUG\ANATOMYSHOWV3.EXE
D:\WORKSPACE\ANATOMYSHOWV3\WIN32\DEBUG\ANATOMYSHOWV3.ILK
D:\WORKSPACE\ANATOMYSHOWV3\WIN32\DEBUG\ANATOMYSHOWV3.PDB
